<?xml version="1.0" encoding="UTF-8"?>
<testng-results ignored="0" total="2" passed="2" failed="0" skipped="0">
  <reporter-output>
  </reporter-output>
  <suite started-at="2023-06-27T00:00:32 BDT" name="Suite" finished-at="2023-06-27T00:00:32 BDT" duration-ms="103">
    <groups>
    </groups>
    <test started-at="2023-06-27T00:00:32 BDT" name="Test" finished-at="2023-06-27T00:00:32 BDT" duration-ms="103">
      <class name="execution.com.RunRegressionSuite">
        <test-method is-config="true" signature="openBrowser()[pri:0, instance:execution.com.RunRegressionSuite@6283d8b8]" started-at="2023-06-27T00:00:32 BDT" name="openBrowser" finished-at="2023-06-27T00:00:32 BDT" duration-ms="15" status="PASS">
          <reporter-output>
          </reporter-output>
        </test-method> <!-- openBrowser -->
        <test-method signature="executeTestCase1()[pri:0, instance:execution.com.RunRegressionSuite@6283d8b8]" started-at="2023-06-27T00:00:32 BDT" name="executeTestCase1" finished-at="2023-06-27T00:00:32 BDT" duration-ms="6" status="PASS">
          <reporter-output>
          </reporter-output>
        </test-method> <!-- executeTestCase1 -->
        <test-method signature="executeTestCase2()[pri:0, instance:execution.com.RunRegressionSuite@6283d8b8]" started-at="2023-06-27T00:00:32 BDT" name="executeTestCase2" finished-at="2023-06-27T00:00:32 BDT" duration-ms="1" status="PASS">
          <reporter-output>
          </reporter-output>
        </test-method> <!-- executeTestCase2 -->
        <test-method is-config="true" signature="closeBrowser()[pri:0, instance:execution.com.RunRegressionSuite@6283d8b8]" started-at="2023-06-27T00:00:32 BDT" name="closeBrowser" finished-at="2023-06-27T00:00:32 BDT" duration-ms="1" status="PASS">
          <reporter-output>
          </reporter-output>
        </test-method> <!-- closeBrowser -->
      </class> <!-- execution.com.RunRegressionSuite -->
    </test> <!-- Test -->
  </suite> <!-- Suite -->
</testng-results>
